================================================================
== Design Size Report
================================================================

* Total Instructions per Compilation Phase
+---------------+-----------------------------+--------------+----------------------------------------------------------------------------------------+
| Phase         | Step                        | Instructions | Description                                                                            |
+---------------+-----------------------------+--------------+----------------------------------------------------------------------------------------+
| Compile/Link  |                             |  2,315       | After all functions are compiled and linked into a single design                       |
|               |                             |              |                                                                                        |
| Unroll/Inline |                             |              | After user unroll and inline pragmas are applied                                       |
|               | (1) unroll                  |  2,341       | user unroll pragmas are applied                                                        |
|               | (2) simplification          |  2,163       | simplification of applied user unroll pragmas                                          |
|               | (3) inline                  |  2,133       | user inline pragmas are applied                                                        |
|               | (4) simplification          |  2,101       | simplification of applied user inline pragmas                                          |
|               |                             |              |                                                                                        |
| Array/Struct  |                             |              | After user array partition and struct aggregate/disaggregate pragmas are applied       |
|               | (1) array partition         |  8,053       | user array partition pragmas are applied                                               |
|               | (2) simplification          |  7,909       | simplification of applied user array partition & struct aggregate/disaggregate pragmas |
|               | (3) aggregate/disaggregate  |  7,909       | user struct aggregate/disaggregate pragmas are applied                                 |
|               | (4) array reshape           |  7,893       | apply array reshape pragmas                                                            |
|               | (5) access patterns         |  7,925       | array access pattern optmizations                                                      |
|               |                             |              |                                                                                        |
| Performance   |                             |              | After transformations are applied to meet performance pragma targets                   |
|               | (1) loop simplification     |  7,917       | loop and instruction simplification                                                    |
|               | (2) parallelization         |  7,909       | loops are unrolled or pipelined to meet performance targets                            |
|               | (3) array partition         | 70,973       | arrays are partitioned to meet performance targets                                     |
|               | (4) simplification          | 36,925       | simplification of design after performance transformations                             |
|               |                             |              |                                                                                        |
| HW Transforms |                             |              | After hardware transfomations                                                          |
|               | (1) lowering                | 36,325       | initial conversion to HW specific instructions                                         |
|               | (2) optimizations           | 36,638       | high level synthesis optimizations                                                     |
+---------------+-----------------------------+--------------+----------------------------------------------------------------------------------------+

* Instructions per Function for each Compilation Phase
+-------------------------------------+---------------------------------------------------+----------------+----------------+-----------------+------------------+------------------+
| Function                            | Location                                          | Compile/Link   | Unroll/Inline  | Array/Struct    | Performance      | HW Transforms    |
+-------------------------------------+---------------------------------------------------+----------------+----------------+-----------------+------------------+------------------+
| + top                               | convolution_transpose_launch_multi_kernel.cpp:241 | 2,315          | 2,101          | 7,925           | 36,925           | 36,638           |
|  + load_all_weights_and_biases      | convolution_transpose_launch_multi_kernel.cpp:153 |  601           |                |                 |                  |                  |
|     load_weights_tile               | convolution_transpose_launch_multi_kernel.cpp:92  |  456 (8 calls) |                |                 |                  |                  |
|     load_bias_tile                  | convolution_transpose_launch_multi_kernel.cpp:117 |  128 (8 calls) |                |                 |                  |                  |
|    load_input_tile                  | convolution_transpose_launch_multi_kernel.cpp:26  |  632 (8 calls) |  496 (8 calls) |  496 (8 calls)  | 1,736 (8 calls)  | 1,784 (8 calls)  |
|  + execute_kernels_in_parallel      | convolution_transpose_launch_multi_kernel.cpp:195 |  553           |  921           | 5,009           | 4,873            | 4,939            |
|     kernel_convolution_layer_til... | convolution_transpose_launch_multi_kernel.cpp:67  |  528 (8 calls) |  896 (8 calls) | 5,000 (8 calls) | 4,864 (8 calls)  | 4,928 (8 calls)  |
|    store_output_tile                | convolution_transpose_launch_multi_kernel.cpp:128 |  232 (8 calls) |  192 (8 calls) |  192 (8 calls)  |   184 (8 calls)  |   272 (8 calls)  |
|    load_weights_tile                | convolution_transpose_launch_multi_kernel.cpp:92  |                |  264 (8 calls) | 1,168 (8 calls) | 16,544 (8 calls) | 15,984 (8 calls) |
|    load_bias_tile                   | convolution_transpose_launch_multi_kernel.cpp:117 |                |   80 (8 calls) |  472 (8 calls)  |   472 (8 calls)  |   528 (8 calls)  |
+-------------------------------------+---------------------------------------------------+----------------+----------------+-----------------+------------------+------------------+

* Design Size Message Settings
+---------------------------------------------+--------+------------------------------------------------------------------+
| Message Setting                             | Value  | Description                                                      |
+---------------------------------------------+--------+------------------------------------------------------------------+
| config_compile -design_size_maximum_warning | 100000 | Show a warning when total design instructions exceeds this value |
+---------------------------------------------+--------+------------------------------------------------------------------+


