

================================================================
== Vitis HLS Report for 'load_batchnorm_params_1'
================================================================
* Date:           Mon Mar 24 23:39:49 2025

* Version:        2023.2 (Build 4023990 on Oct 11 2023)
* Project:        gen_block.prj
* Solution:       solution1 (Vivado IP Flow Target)
* Product family: virtexuplusHBM
* Target device:  xcu280-fsvh2892-2L-e


================================================================
== Performance Estimates
================================================================
+ Timing: 
    * Summary: 
    +--------+---------+----------+------------+
    |  Clock |  Target | Estimated| Uncertainty|
    +--------+---------+----------+------------+
    |ap_clk  |  3.33 ns|  2.431 ns|     0.90 ns|
    +--------+---------+----------+------------+

+ Latency: 
    * Summary: 
    +---------+---------+-----------+-----------+-----+-----+------------------------------------------+
    |  Latency (cycles) |   Latency (absolute)  |  Interval |                 Pipeline                 |
    |   min   |   max   |    min    |    max    | min | max |                   Type                   |
    +---------+---------+-----------+-----------+-----+-----+------------------------------------------+
    |       25|       26|  83.250 ns|  86.580 ns|   16|   16|  loop rewind stp(delay=0 clock cycles(s))|
    +---------+---------+-----------+-----------+-----+-----+------------------------------------------+

    + Detail: 
        * Instance: 
        N/A

        * Loop: 
        +--------------------+---------+---------+----------+-----------+-----------+------+----------+
        |                    |  Latency (cycles) | Iteration|  Initiation Interval  | Trip |          |
        |      Loop Name     |   min   |   max   |  Latency |  achieved |   target  | Count| Pipelined|
        +--------------------+---------+---------+----------+-----------+-----------+------+----------+
        |- VITIS_LOOP_122_1  |       25|       25|        11|          1|          1|    16|       yes|
        +--------------------+---------+---------+----------+-----------+-----------+------+----------+



================================================================
== Utilization Estimates
================================================================
* Summary: 
+---------------------+---------+------+---------+---------+-----+
|         Name        | BRAM_18K|  DSP |    FF   |   LUT   | URAM|
+---------------------+---------+------+---------+---------+-----+
|DSP                  |        -|     -|        -|        -|    -|
|Expression           |        -|     -|        0|       38|    -|
|FIFO                 |        -|     -|        -|        -|    -|
|Instance             |        -|     -|        -|        -|    -|
|Memory               |        -|     -|        -|        -|    -|
|Multiplexer          |        -|     -|        -|      305|    -|
|Register             |        -|     -|     1302|       64|    -|
+---------------------+---------+------+---------+---------+-----+
|Total                |        0|     0|     1302|      407|    0|
+---------------------+---------+------+---------+---------+-----+
|Available SLR        |     1344|  3008|   869120|   434560|  320|
+---------------------+---------+------+---------+---------+-----+
|Utilization SLR (%)  |        0|     0|       ~0|       ~0|    0|
+---------------------+---------+------+---------+---------+-----+
|Available            |     4032|  9024|  2607360|  1303680|  960|
+---------------------+---------+------+---------+---------+-----+
|Utilization (%)      |        0|     0|       ~0|       ~0|    0|
+---------------------+---------+------+---------+---------+-----+

+ Detail: 
    * Instance: 
    N/A

    * DSP: 
    N/A

    * Memory: 
    N/A

    * FIFO: 
    N/A

    * Expression: 
    +-----------------------------------+----------+----+---+----+------------+------------+
    |           Variable Name           | Operation| DSP| FF| LUT| Bitwidth P0| Bitwidth P1|
    +-----------------------------------+----------+----+---+----+------------+------------+
    |i_fu_397_p2                        |         +|   0|  0|  12|           4|           1|
    |ap_condition_276                   |       and|   0|  0|   2|           1|           1|
    |ap_condition_322                   |       and|   0|  0|   2|           1|           1|
    |ap_condition_508                   |       and|   0|  0|   2|           1|           1|
    |icmp_ln122_fu_403_p2               |      icmp|   0|  0|  12|           4|           2|
    |ap_block_pp0_stage0_11001          |        or|   0|  0|   2|           1|           1|
    |ap_block_state11_pp0_stage0_iter9  |        or|   0|  0|   2|           1|           1|
    |ap_block_state3_io                 |        or|   0|  0|   2|           1|           1|
    |ap_enable_pp0                      |       xor|   0|  0|   2|           1|           2|
    +-----------------------------------+----------+----+---+----+------------+------------+
    |Total                              |          |   0|  0|  38|          15|          11|
    +-----------------------------------+----------+----+---+----+------------+------------+

    * Multiplexer: 
    +-------------------------------------------------+----+-----------+-----+-----------+
    |                       Name                      | LUT| Input Size| Bits| Total Bits|
    +-------------------------------------------------+----+-----------+-----+-----------+
    |ap_NS_fsm                                        |  14|          3|    1|          3|
    |ap_enable_reg_pp0_iter1                          |   9|          2|    1|          2|
    |ap_enable_reg_pp0_iter10                         |   9|          2|    1|          2|
    |ap_phi_mux_do_init_phi_fu_210_p6                 |  14|          3|    1|          3|
    |ap_phi_mux_gmem3_addr_rewind_idx_phi_fu_283_p6   |  14|          3|   64|        192|
    |ap_phi_mux_gmem4_addr_rewind_idx_phi_fu_269_p6   |  14|          3|   64|        192|
    |ap_phi_mux_gmem5_addr_rewind_idx_phi_fu_255_p6   |  14|          3|   64|        192|
    |ap_phi_mux_gmem6_addr_rewind_idx_phi_fu_241_p6   |  14|          3|   64|        192|
    |ap_phi_mux_i33_phi_fu_226_p6                     |  14|          3|    4|         12|
    |ap_phi_reg_pp0_iter1_gmem3_addr_phi_idx_reg_329  |   9|          2|   64|        128|
    |ap_phi_reg_pp0_iter1_gmem4_addr_phi_idx_reg_317  |   9|          2|   64|        128|
    |ap_phi_reg_pp0_iter1_gmem5_addr_phi_idx_reg_305  |   9|          2|   64|        128|
    |ap_phi_reg_pp0_iter1_gmem6_addr_phi_idx_reg_293  |   9|          2|   64|        128|
    |gmem3_addr_phi_idx_reg_329                       |   9|          2|   64|        128|
    |gmem3_addr_rewind_idx_reg_279                    |   9|          2|   64|        128|
    |gmem3_blk_n_AR                                   |   9|          2|    1|          2|
    |gmem3_blk_n_R                                    |   9|          2|    1|          2|
    |gmem4_addr_phi_idx_reg_317                       |   9|          2|   64|        128|
    |gmem4_addr_rewind_idx_reg_265                    |   9|          2|   64|        128|
    |gmem4_blk_n_AR                                   |   9|          2|    1|          2|
    |gmem4_blk_n_R                                    |   9|          2|    1|          2|
    |gmem5_addr_phi_idx_reg_305                       |   9|          2|   64|        128|
    |gmem5_addr_rewind_idx_reg_251                    |   9|          2|   64|        128|
    |gmem5_blk_n_AR                                   |   9|          2|    1|          2|
    |gmem5_blk_n_R                                    |   9|          2|    1|          2|
    |gmem6_addr_phi_idx_reg_293                       |   9|          2|   64|        128|
    |gmem6_addr_rewind_idx_reg_237                    |   9|          2|   64|        128|
    |gmem6_blk_n_AR                                   |   9|          2|    1|          2|
    |gmem6_blk_n_R                                    |   9|          2|    1|          2|
    |i33_reg_222                                      |   9|          2|    4|          8|
    +-------------------------------------------------+----+-----------+-----+-----------+
    |Total                                            | 305|         67| 1044|       2350|
    +-------------------------------------------------+----+-----------+-----+-----------+

    * Register: 
    +-------------------------------------------------+----+----+-----+-----------+
    |                       Name                      | FF | LUT| Bits| Const Bits|
    +-------------------------------------------------+----+----+-----+-----------+
    |ap_CS_fsm                                        |   2|   0|    2|          0|
    |ap_enable_reg_pp0_iter1                          |   1|   0|    1|          0|
    |ap_enable_reg_pp0_iter10                         |   1|   0|    1|          0|
    |ap_enable_reg_pp0_iter2                          |   1|   0|    1|          0|
    |ap_enable_reg_pp0_iter3                          |   1|   0|    1|          0|
    |ap_enable_reg_pp0_iter4                          |   1|   0|    1|          0|
    |ap_enable_reg_pp0_iter5                          |   1|   0|    1|          0|
    |ap_enable_reg_pp0_iter6                          |   1|   0|    1|          0|
    |ap_enable_reg_pp0_iter7                          |   1|   0|    1|          0|
    |ap_enable_reg_pp0_iter8                          |   1|   0|    1|          0|
    |ap_enable_reg_pp0_iter9                          |   1|   0|    1|          0|
    |ap_phi_reg_pp0_iter1_gmem3_addr_phi_idx_reg_329  |  64|   0|   64|          0|
    |ap_phi_reg_pp0_iter1_gmem4_addr_phi_idx_reg_317  |  64|   0|   64|          0|
    |ap_phi_reg_pp0_iter1_gmem5_addr_phi_idx_reg_305  |  64|   0|   64|          0|
    |ap_phi_reg_pp0_iter1_gmem6_addr_phi_idx_reg_293  |  64|   0|   64|          0|
    |do_init_reg_206                                  |   1|   0|    1|          0|
    |gmem3_addr_1_read_reg_556                        |  32|   0|   32|          0|
    |gmem3_addr_phi_idx_reg_329                       |  64|   0|   64|          0|
    |gmem3_addr_rewind_idx_reg_279                    |  64|   0|   64|          0|
    |gmem4_addr_1_read_reg_561                        |  32|   0|   32|          0|
    |gmem4_addr_phi_idx_reg_317                       |  64|   0|   64|          0|
    |gmem4_addr_rewind_idx_reg_265                    |  64|   0|   64|          0|
    |gmem5_addr_1_read_reg_566                        |  32|   0|   32|          0|
    |gmem5_addr_phi_idx_reg_305                       |  64|   0|   64|          0|
    |gmem5_addr_rewind_idx_reg_251                    |  64|   0|   64|          0|
    |gmem6_addr_1_read_reg_571                        |  32|   0|   32|          0|
    |gmem6_addr_phi_idx_reg_293                       |  64|   0|   64|          0|
    |gmem6_addr_rewind_idx_reg_237                    |  64|   0|   64|          0|
    |i33_reg_222                                      |   4|   0|    4|          0|
    |i_reg_507                                        |   4|   0|    4|          0|
    |icmp_ln122_reg_512                               |   1|   0|    1|          0|
    |sext_ln122_1_reg_489                             |  64|   0|   64|          0|
    |sext_ln122_2_reg_495                             |  64|   0|   64|          0|
    |sext_ln122_3_reg_501                             |  64|   0|   64|          0|
    |sext_ln122_reg_483                               |  64|   0|   64|          0|
    |i33_reg_222                                      |  64|  32|    4|          0|
    |icmp_ln122_reg_512                               |  64|  32|    1|          0|
    +-------------------------------------------------+----+----+-----+-----------+
    |Total                                            |1302|  64| 1179|          0|
    +-------------------------------------------------+----+----+-----+-----------+



================================================================
== Interface
================================================================
* Summary: 
+-----------------------+-----+-----+------------+-------------------------+--------------+
|       RTL Ports       | Dir | Bits|  Protocol  |      Source Object      |    C Type    |
+-----------------------+-----+-----+------------+-------------------------+--------------+
|ap_clk                 |   in|    1|  ap_ctrl_hs|  load_batchnorm_params.1|  return value|
|ap_rst                 |   in|    1|  ap_ctrl_hs|  load_batchnorm_params.1|  return value|
|ap_start               |   in|    1|  ap_ctrl_hs|  load_batchnorm_params.1|  return value|
|ap_done                |  out|    1|  ap_ctrl_hs|  load_batchnorm_params.1|  return value|
|ap_idle                |  out|    1|  ap_ctrl_hs|  load_batchnorm_params.1|  return value|
|ap_ready               |  out|    1|  ap_ctrl_hs|  load_batchnorm_params.1|  return value|
|m_axi_gmem3_AWVALID    |  out|    1|       m_axi|                    gmem3|       pointer|
|m_axi_gmem3_AWREADY    |   in|    1|       m_axi|                    gmem3|       pointer|
|m_axi_gmem3_AWADDR     |  out|   64|       m_axi|                    gmem3|       pointer|
|m_axi_gmem3_AWID       |  out|    1|       m_axi|                    gmem3|       pointer|
|m_axi_gmem3_AWLEN      |  out|   32|       m_axi|                    gmem3|       pointer|
|m_axi_gmem3_AWSIZE     |  out|    3|       m_axi|                    gmem3|       pointer|
|m_axi_gmem3_AWBURST    |  out|    2|       m_axi|                    gmem3|       pointer|
|m_axi_gmem3_AWLOCK     |  out|    2|       m_axi|                    gmem3|       pointer|
|m_axi_gmem3_AWCACHE    |  out|    4|       m_axi|                    gmem3|       pointer|
|m_axi_gmem3_AWPROT     |  out|    3|       m_axi|                    gmem3|       pointer|
|m_axi_gmem3_AWQOS      |  out|    4|       m_axi|                    gmem3|       pointer|
|m_axi_gmem3_AWREGION   |  out|    4|       m_axi|                    gmem3|       pointer|
|m_axi_gmem3_AWUSER     |  out|    1|       m_axi|                    gmem3|       pointer|
|m_axi_gmem3_WVALID     |  out|    1|       m_axi|                    gmem3|       pointer|
|m_axi_gmem3_WREADY     |   in|    1|       m_axi|                    gmem3|       pointer|
|m_axi_gmem3_WDATA      |  out|   32|       m_axi|                    gmem3|       pointer|
|m_axi_gmem3_WSTRB      |  out|    4|       m_axi|                    gmem3|       pointer|
|m_axi_gmem3_WLAST      |  out|    1|       m_axi|                    gmem3|       pointer|
|m_axi_gmem3_WID        |  out|    1|       m_axi|                    gmem3|       pointer|
|m_axi_gmem3_WUSER      |  out|    1|       m_axi|                    gmem3|       pointer|
|m_axi_gmem3_ARVALID    |  out|    1|       m_axi|                    gmem3|       pointer|
|m_axi_gmem3_ARREADY    |   in|    1|       m_axi|                    gmem3|       pointer|
|m_axi_gmem3_ARADDR     |  out|   64|       m_axi|                    gmem3|       pointer|
|m_axi_gmem3_ARID       |  out|    1|       m_axi|                    gmem3|       pointer|
|m_axi_gmem3_ARLEN      |  out|   32|       m_axi|                    gmem3|       pointer|
|m_axi_gmem3_ARSIZE     |  out|    3|       m_axi|                    gmem3|       pointer|
|m_axi_gmem3_ARBURST    |  out|    2|       m_axi|                    gmem3|       pointer|
|m_axi_gmem3_ARLOCK     |  out|    2|       m_axi|                    gmem3|       pointer|
|m_axi_gmem3_ARCACHE    |  out|    4|       m_axi|                    gmem3|       pointer|
|m_axi_gmem3_ARPROT     |  out|    3|       m_axi|                    gmem3|       pointer|
|m_axi_gmem3_ARQOS      |  out|    4|       m_axi|                    gmem3|       pointer|
|m_axi_gmem3_ARREGION   |  out|    4|       m_axi|                    gmem3|       pointer|
|m_axi_gmem3_ARUSER     |  out|    1|       m_axi|                    gmem3|       pointer|
|m_axi_gmem3_RVALID     |   in|    1|       m_axi|                    gmem3|       pointer|
|m_axi_gmem3_RREADY     |  out|    1|       m_axi|                    gmem3|       pointer|
|m_axi_gmem3_RDATA      |   in|   32|       m_axi|                    gmem3|       pointer|
|m_axi_gmem3_RLAST      |   in|    1|       m_axi|                    gmem3|       pointer|
|m_axi_gmem3_RID        |   in|    1|       m_axi|                    gmem3|       pointer|
|m_axi_gmem3_RFIFONUM   |   in|    9|       m_axi|                    gmem3|       pointer|
|m_axi_gmem3_RUSER      |   in|    1|       m_axi|                    gmem3|       pointer|
|m_axi_gmem3_RRESP      |   in|    2|       m_axi|                    gmem3|       pointer|
|m_axi_gmem3_BVALID     |   in|    1|       m_axi|                    gmem3|       pointer|
|m_axi_gmem3_BREADY     |  out|    1|       m_axi|                    gmem3|       pointer|
|m_axi_gmem3_BRESP      |   in|    2|       m_axi|                    gmem3|       pointer|
|m_axi_gmem3_BID        |   in|    1|       m_axi|                    gmem3|       pointer|
|m_axi_gmem3_BUSER      |   in|    1|       m_axi|                    gmem3|       pointer|
|m_axi_gmem4_AWVALID    |  out|    1|       m_axi|                    gmem4|       pointer|
|m_axi_gmem4_AWREADY    |   in|    1|       m_axi|                    gmem4|       pointer|
|m_axi_gmem4_AWADDR     |  out|   64|       m_axi|                    gmem4|       pointer|
|m_axi_gmem4_AWID       |  out|    1|       m_axi|                    gmem4|       pointer|
|m_axi_gmem4_AWLEN      |  out|   32|       m_axi|                    gmem4|       pointer|
|m_axi_gmem4_AWSIZE     |  out|    3|       m_axi|                    gmem4|       pointer|
|m_axi_gmem4_AWBURST    |  out|    2|       m_axi|                    gmem4|       pointer|
|m_axi_gmem4_AWLOCK     |  out|    2|       m_axi|                    gmem4|       pointer|
|m_axi_gmem4_AWCACHE    |  out|    4|       m_axi|                    gmem4|       pointer|
|m_axi_gmem4_AWPROT     |  out|    3|       m_axi|                    gmem4|       pointer|
|m_axi_gmem4_AWQOS      |  out|    4|       m_axi|                    gmem4|       pointer|
|m_axi_gmem4_AWREGION   |  out|    4|       m_axi|                    gmem4|       pointer|
|m_axi_gmem4_AWUSER     |  out|    1|       m_axi|                    gmem4|       pointer|
|m_axi_gmem4_WVALID     |  out|    1|       m_axi|                    gmem4|       pointer|
|m_axi_gmem4_WREADY     |   in|    1|       m_axi|                    gmem4|       pointer|
|m_axi_gmem4_WDATA      |  out|   32|       m_axi|                    gmem4|       pointer|
|m_axi_gmem4_WSTRB      |  out|    4|       m_axi|                    gmem4|       pointer|
|m_axi_gmem4_WLAST      |  out|    1|       m_axi|                    gmem4|       pointer|
|m_axi_gmem4_WID        |  out|    1|       m_axi|                    gmem4|       pointer|
|m_axi_gmem4_WUSER      |  out|    1|       m_axi|                    gmem4|       pointer|
|m_axi_gmem4_ARVALID    |  out|    1|       m_axi|                    gmem4|       pointer|
|m_axi_gmem4_ARREADY    |   in|    1|       m_axi|                    gmem4|       pointer|
|m_axi_gmem4_ARADDR     |  out|   64|       m_axi|                    gmem4|       pointer|
|m_axi_gmem4_ARID       |  out|    1|       m_axi|                    gmem4|       pointer|
|m_axi_gmem4_ARLEN      |  out|   32|       m_axi|                    gmem4|       pointer|
|m_axi_gmem4_ARSIZE     |  out|    3|       m_axi|                    gmem4|       pointer|
|m_axi_gmem4_ARBURST    |  out|    2|       m_axi|                    gmem4|       pointer|
|m_axi_gmem4_ARLOCK     |  out|    2|       m_axi|                    gmem4|       pointer|
|m_axi_gmem4_ARCACHE    |  out|    4|       m_axi|                    gmem4|       pointer|
|m_axi_gmem4_ARPROT     |  out|    3|       m_axi|                    gmem4|       pointer|
|m_axi_gmem4_ARQOS      |  out|    4|       m_axi|                    gmem4|       pointer|
|m_axi_gmem4_ARREGION   |  out|    4|       m_axi|                    gmem4|       pointer|
|m_axi_gmem4_ARUSER     |  out|    1|       m_axi|                    gmem4|       pointer|
|m_axi_gmem4_RVALID     |   in|    1|       m_axi|                    gmem4|       pointer|
|m_axi_gmem4_RREADY     |  out|    1|       m_axi|                    gmem4|       pointer|
|m_axi_gmem4_RDATA      |   in|   32|       m_axi|                    gmem4|       pointer|
|m_axi_gmem4_RLAST      |   in|    1|       m_axi|                    gmem4|       pointer|
|m_axi_gmem4_RID        |   in|    1|       m_axi|                    gmem4|       pointer|
|m_axi_gmem4_RFIFONUM   |   in|    9|       m_axi|                    gmem4|       pointer|
|m_axi_gmem4_RUSER      |   in|    1|       m_axi|                    gmem4|       pointer|
|m_axi_gmem4_RRESP      |   in|    2|       m_axi|                    gmem4|       pointer|
|m_axi_gmem4_BVALID     |   in|    1|       m_axi|                    gmem4|       pointer|
|m_axi_gmem4_BREADY     |  out|    1|       m_axi|                    gmem4|       pointer|
|m_axi_gmem4_BRESP      |   in|    2|       m_axi|                    gmem4|       pointer|
|m_axi_gmem4_BID        |   in|    1|       m_axi|                    gmem4|       pointer|
|m_axi_gmem4_BUSER      |   in|    1|       m_axi|                    gmem4|       pointer|
|m_axi_gmem5_AWVALID    |  out|    1|       m_axi|                    gmem5|       pointer|
|m_axi_gmem5_AWREADY    |   in|    1|       m_axi|                    gmem5|       pointer|
|m_axi_gmem5_AWADDR     |  out|   64|       m_axi|                    gmem5|       pointer|
|m_axi_gmem5_AWID       |  out|    1|       m_axi|                    gmem5|       pointer|
|m_axi_gmem5_AWLEN      |  out|   32|       m_axi|                    gmem5|       pointer|
|m_axi_gmem5_AWSIZE     |  out|    3|       m_axi|                    gmem5|       pointer|
|m_axi_gmem5_AWBURST    |  out|    2|       m_axi|                    gmem5|       pointer|
|m_axi_gmem5_AWLOCK     |  out|    2|       m_axi|                    gmem5|       pointer|
|m_axi_gmem5_AWCACHE    |  out|    4|       m_axi|                    gmem5|       pointer|
|m_axi_gmem5_AWPROT     |  out|    3|       m_axi|                    gmem5|       pointer|
|m_axi_gmem5_AWQOS      |  out|    4|       m_axi|                    gmem5|       pointer|
|m_axi_gmem5_AWREGION   |  out|    4|       m_axi|                    gmem5|       pointer|
|m_axi_gmem5_AWUSER     |  out|    1|       m_axi|                    gmem5|       pointer|
|m_axi_gmem5_WVALID     |  out|    1|       m_axi|                    gmem5|       pointer|
|m_axi_gmem5_WREADY     |   in|    1|       m_axi|                    gmem5|       pointer|
|m_axi_gmem5_WDATA      |  out|   32|       m_axi|                    gmem5|       pointer|
|m_axi_gmem5_WSTRB      |  out|    4|       m_axi|                    gmem5|       pointer|
|m_axi_gmem5_WLAST      |  out|    1|       m_axi|                    gmem5|       pointer|
|m_axi_gmem5_WID        |  out|    1|       m_axi|                    gmem5|       pointer|
|m_axi_gmem5_WUSER      |  out|    1|       m_axi|                    gmem5|       pointer|
|m_axi_gmem5_ARVALID    |  out|    1|       m_axi|                    gmem5|       pointer|
|m_axi_gmem5_ARREADY    |   in|    1|       m_axi|                    gmem5|       pointer|
|m_axi_gmem5_ARADDR     |  out|   64|       m_axi|                    gmem5|       pointer|
|m_axi_gmem5_ARID       |  out|    1|       m_axi|                    gmem5|       pointer|
|m_axi_gmem5_ARLEN      |  out|   32|       m_axi|                    gmem5|       pointer|
|m_axi_gmem5_ARSIZE     |  out|    3|       m_axi|                    gmem5|       pointer|
|m_axi_gmem5_ARBURST    |  out|    2|       m_axi|                    gmem5|       pointer|
|m_axi_gmem5_ARLOCK     |  out|    2|       m_axi|                    gmem5|       pointer|
|m_axi_gmem5_ARCACHE    |  out|    4|       m_axi|                    gmem5|       pointer|
|m_axi_gmem5_ARPROT     |  out|    3|       m_axi|                    gmem5|       pointer|
|m_axi_gmem5_ARQOS      |  out|    4|       m_axi|                    gmem5|       pointer|
|m_axi_gmem5_ARREGION   |  out|    4|       m_axi|                    gmem5|       pointer|
|m_axi_gmem5_ARUSER     |  out|    1|       m_axi|                    gmem5|       pointer|
|m_axi_gmem5_RVALID     |   in|    1|       m_axi|                    gmem5|       pointer|
|m_axi_gmem5_RREADY     |  out|    1|       m_axi|                    gmem5|       pointer|
|m_axi_gmem5_RDATA      |   in|   32|       m_axi|                    gmem5|       pointer|
|m_axi_gmem5_RLAST      |   in|    1|       m_axi|                    gmem5|       pointer|
|m_axi_gmem5_RID        |   in|    1|       m_axi|                    gmem5|       pointer|
|m_axi_gmem5_RFIFONUM   |   in|    9|       m_axi|                    gmem5|       pointer|
|m_axi_gmem5_RUSER      |   in|    1|       m_axi|                    gmem5|       pointer|
|m_axi_gmem5_RRESP      |   in|    2|       m_axi|                    gmem5|       pointer|
|m_axi_gmem5_BVALID     |   in|    1|       m_axi|                    gmem5|       pointer|
|m_axi_gmem5_BREADY     |  out|    1|       m_axi|                    gmem5|       pointer|
|m_axi_gmem5_BRESP      |   in|    2|       m_axi|                    gmem5|       pointer|
|m_axi_gmem5_BID        |   in|    1|       m_axi|                    gmem5|       pointer|
|m_axi_gmem5_BUSER      |   in|    1|       m_axi|                    gmem5|       pointer|
|m_axi_gmem6_AWVALID    |  out|    1|       m_axi|                    gmem6|       pointer|
|m_axi_gmem6_AWREADY    |   in|    1|       m_axi|                    gmem6|       pointer|
|m_axi_gmem6_AWADDR     |  out|   64|       m_axi|                    gmem6|       pointer|
|m_axi_gmem6_AWID       |  out|    1|       m_axi|                    gmem6|       pointer|
|m_axi_gmem6_AWLEN      |  out|   32|       m_axi|                    gmem6|       pointer|
|m_axi_gmem6_AWSIZE     |  out|    3|       m_axi|                    gmem6|       pointer|
|m_axi_gmem6_AWBURST    |  out|    2|       m_axi|                    gmem6|       pointer|
|m_axi_gmem6_AWLOCK     |  out|    2|       m_axi|                    gmem6|       pointer|
|m_axi_gmem6_AWCACHE    |  out|    4|       m_axi|                    gmem6|       pointer|
|m_axi_gmem6_AWPROT     |  out|    3|       m_axi|                    gmem6|       pointer|
|m_axi_gmem6_AWQOS      |  out|    4|       m_axi|                    gmem6|       pointer|
|m_axi_gmem6_AWREGION   |  out|    4|       m_axi|                    gmem6|       pointer|
|m_axi_gmem6_AWUSER     |  out|    1|       m_axi|                    gmem6|       pointer|
|m_axi_gmem6_WVALID     |  out|    1|       m_axi|                    gmem6|       pointer|
|m_axi_gmem6_WREADY     |   in|    1|       m_axi|                    gmem6|       pointer|
|m_axi_gmem6_WDATA      |  out|   32|       m_axi|                    gmem6|       pointer|
|m_axi_gmem6_WSTRB      |  out|    4|       m_axi|                    gmem6|       pointer|
|m_axi_gmem6_WLAST      |  out|    1|       m_axi|                    gmem6|       pointer|
|m_axi_gmem6_WID        |  out|    1|       m_axi|                    gmem6|       pointer|
|m_axi_gmem6_WUSER      |  out|    1|       m_axi|                    gmem6|       pointer|
|m_axi_gmem6_ARVALID    |  out|    1|       m_axi|                    gmem6|       pointer|
|m_axi_gmem6_ARREADY    |   in|    1|       m_axi|                    gmem6|       pointer|
|m_axi_gmem6_ARADDR     |  out|   64|       m_axi|                    gmem6|       pointer|
|m_axi_gmem6_ARID       |  out|    1|       m_axi|                    gmem6|       pointer|
|m_axi_gmem6_ARLEN      |  out|   32|       m_axi|                    gmem6|       pointer|
|m_axi_gmem6_ARSIZE     |  out|    3|       m_axi|                    gmem6|       pointer|
|m_axi_gmem6_ARBURST    |  out|    2|       m_axi|                    gmem6|       pointer|
|m_axi_gmem6_ARLOCK     |  out|    2|       m_axi|                    gmem6|       pointer|
|m_axi_gmem6_ARCACHE    |  out|    4|       m_axi|                    gmem6|       pointer|
|m_axi_gmem6_ARPROT     |  out|    3|       m_axi|                    gmem6|       pointer|
|m_axi_gmem6_ARQOS      |  out|    4|       m_axi|                    gmem6|       pointer|
|m_axi_gmem6_ARREGION   |  out|    4|       m_axi|                    gmem6|       pointer|
|m_axi_gmem6_ARUSER     |  out|    1|       m_axi|                    gmem6|       pointer|
|m_axi_gmem6_RVALID     |   in|    1|       m_axi|                    gmem6|       pointer|
|m_axi_gmem6_RREADY     |  out|    1|       m_axi|                    gmem6|       pointer|
|m_axi_gmem6_RDATA      |   in|   32|       m_axi|                    gmem6|       pointer|
|m_axi_gmem6_RLAST      |   in|    1|       m_axi|                    gmem6|       pointer|
|m_axi_gmem6_RID        |   in|    1|       m_axi|                    gmem6|       pointer|
|m_axi_gmem6_RFIFONUM   |   in|    9|       m_axi|                    gmem6|       pointer|
|m_axi_gmem6_RUSER      |   in|    1|       m_axi|                    gmem6|       pointer|
|m_axi_gmem6_RRESP      |   in|    2|       m_axi|                    gmem6|       pointer|
|m_axi_gmem6_BVALID     |   in|    1|       m_axi|                    gmem6|       pointer|
|m_axi_gmem6_BREADY     |  out|    1|       m_axi|                    gmem6|       pointer|
|m_axi_gmem6_BRESP      |   in|    2|       m_axi|                    gmem6|       pointer|
|m_axi_gmem6_BID        |   in|    1|       m_axi|                    gmem6|       pointer|
|m_axi_gmem6_BUSER      |   in|    1|       m_axi|                    gmem6|       pointer|
|gamma_data             |   in|   64|     ap_none|               gamma_data|        scalar|
|beta_data              |   in|   64|     ap_none|                beta_data|        scalar|
|running_mean_data      |   in|   64|     ap_none|        running_mean_data|        scalar|
|running_var_data       |   in|   64|     ap_none|         running_var_data|        scalar|
|gamma_address0         |  out|    4|   ap_memory|                    gamma|         array|
|gamma_ce0              |  out|    1|   ap_memory|                    gamma|         array|
|gamma_we0              |  out|    1|   ap_memory|                    gamma|         array|
|gamma_d0               |  out|   32|   ap_memory|                    gamma|         array|
|beta_address0          |  out|    4|   ap_memory|                     beta|         array|
|beta_ce0               |  out|    1|   ap_memory|                     beta|         array|
|beta_we0               |  out|    1|   ap_memory|                     beta|         array|
|beta_d0                |  out|   32|   ap_memory|                     beta|         array|
|running_mean_address0  |  out|    4|   ap_memory|             running_mean|         array|
|running_mean_ce0       |  out|    1|   ap_memory|             running_mean|         array|
|running_mean_we0       |  out|    1|   ap_memory|             running_mean|         array|
|running_mean_d0        |  out|   32|   ap_memory|             running_mean|         array|
|running_var_address0   |  out|    4|   ap_memory|              running_var|         array|
|running_var_ce0        |  out|    1|   ap_memory|              running_var|         array|
|running_var_we0        |  out|    1|   ap_memory|              running_var|         array|
|running_var_d0         |  out|   32|   ap_memory|              running_var|         array|
+-----------------------+-----+-----+------------+-------------------------+--------------+

