

================================================================
== Vitis HLS Report for 'load_bias_tile_1'
================================================================
* Date:           Thu May  8 15:45:25 2025

* Version:        2023.2 (Build 4023990 on Oct 11 2023)
* Project:        convolution_transpose_memory_burst.prj
* Solution:       solution1 (Vivado IP Flow Target)
* Product family: virtexuplusHBM
* Target device:  xcu280-fsvh2892-2L-e


================================================================
== Performance Estimates
================================================================
+ Timing: 
    * Summary: 
    +--------+---------+----------+------------+
    |  Clock |  Target | Estimated| Uncertainty|
    +--------+---------+----------+------------+
    |ap_clk  |  3.33 ns|  2.431 ns|     0.90 ns|
    +--------+---------+----------+------------+

+ Latency: 
    * Summary: 
    +---------+---------+-----------+-----------+-----+-----+------------------------------------------+
    |  Latency (cycles) |   Latency (absolute)  |  Interval |                 Pipeline                 |
    |   min   |   max   |    min    |    max    | min | max |                   Type                   |
    +---------+---------+-----------+-----------+-----+-----+------------------------------------------+
    |       25|       26|  83.250 ns|  86.580 ns|   16|   16|  loop rewind stp(delay=0 clock cycles(s))|
    +---------+---------+-----------+-----------+-----+-----+------------------------------------------+

    + Detail: 
        * Instance: 
        N/A

        * Loop: 
        +-------------------+---------+---------+----------+-----------+-----------+------+----------+
        |                   |  Latency (cycles) | Iteration|  Initiation Interval  | Trip |          |
        |     Loop Name     |   min   |   max   |  Latency |  achieved |   target  | Count| Pipelined|
        +-------------------+---------+---------+----------+-----------+-----------+------+----------+
        |- VITIS_LOOP_58_1  |       25|       25|        11|          1|          1|    16|       yes|
        +-------------------+---------+---------+----------+-----------+-----------+------+----------+



================================================================
== Utilization Estimates
================================================================
* Summary: 
+---------------------+---------+------+---------+---------+-----+
|         Name        | BRAM_18K|  DSP |    FF   |   LUT   | URAM|
+---------------------+---------+------+---------+---------+-----+
|DSP                  |        -|     -|        -|        -|    -|
|Expression           |        -|     -|        0|       36|    -|
|FIFO                 |        -|     -|        -|        -|    -|
|Instance             |        -|     -|        -|        -|    -|
|Memory               |        -|     -|        -|        -|    -|
|Multiplexer          |        -|     -|        -|      128|    -|
|Register             |        -|     -|      438|       64|    -|
+---------------------+---------+------+---------+---------+-----+
|Total                |        0|     0|      438|      228|    0|
+---------------------+---------+------+---------+---------+-----+
|Available SLR        |     1344|  3008|   869120|   434560|  320|
+---------------------+---------+------+---------+---------+-----+
|Utilization SLR (%)  |        0|     0|       ~0|       ~0|    0|
+---------------------+---------+------+---------+---------+-----+
|Available            |     4032|  9024|  2607360|  1303680|  960|
+---------------------+---------+------+---------+---------+-----+
|Utilization (%)      |        0|     0|       ~0|       ~0|    0|
+---------------------+---------+------+---------+---------+-----+

+ Detail: 
    * Instance: 
    N/A

    * DSP: 
    N/A

    * Memory: 
    N/A

    * FIFO: 
    N/A

    * Expression: 
    +---------------------------+----------+----+---+----+------------+------------+
    |       Variable Name       | Operation| DSP| FF| LUT| Bitwidth P0| Bitwidth P1|
    +---------------------------+----------+----+---+----+------------+------------+
    |i_fu_160_p2                |         +|   0|  0|  12|           4|           1|
    |ap_block_state3_io         |       and|   0|  0|   2|           1|           1|
    |ap_condition_105           |       and|   0|  0|   2|           1|           1|
    |ap_condition_127           |       and|   0|  0|   2|           1|           1|
    |ap_condition_226           |       and|   0|  0|   2|           1|           1|
    |icmp_ln58_fu_166_p2        |      icmp|   0|  0|  12|           4|           2|
    |ap_block_pp0_stage0_11001  |        or|   0|  0|   2|           1|           1|
    |ap_enable_pp0              |       xor|   0|  0|   2|           1|           2|
    +---------------------------+----------+----+---+----+------------+------------+
    |Total                      |          |   0|  0|  36|          14|          10|
    +---------------------------+----------+----+---+----+------------+------------+

    * Multiplexer: 
    +-------------------------------------------------+----+-----------+-----+-----------+
    |                       Name                      | LUT| Input Size| Bits| Total Bits|
    +-------------------------------------------------+----+-----------+-----+-----------+
    |ap_NS_fsm                                        |  14|          3|    1|          3|
    |ap_enable_reg_pp0_iter1                          |   9|          2|    1|          2|
    |ap_enable_reg_pp0_iter10                         |   9|          2|    1|          2|
    |ap_phi_mux_do_init_phi_fu_93_p6                  |  14|          3|    1|          3|
    |ap_phi_mux_gmem2_addr_rewind_idx_phi_fu_124_p6   |  14|          3|   64|        192|
    |ap_phi_mux_i6_phi_fu_109_p6                      |  14|          3|    4|         12|
    |ap_phi_reg_pp0_iter1_gmem2_addr_phi_idx_reg_134  |   9|          2|   64|        128|
    |gmem2_addr_phi_idx_reg_134                       |   9|          2|   64|        128|
    |gmem2_addr_rewind_idx_reg_120                    |   9|          2|   64|        128|
    |gmem2_blk_n_AR                                   |   9|          2|    1|          2|
    |gmem2_blk_n_R                                    |   9|          2|    1|          2|
    |i6_reg_105                                       |   9|          2|    4|          8|
    +-------------------------------------------------+----+-----------+-----+-----------+
    |Total                                            | 128|         28|  270|        610|
    +-------------------------------------------------+----+-----------+-----+-----------+

    * Register: 
    +-------------------------------------------------+----+----+-----+-----------+
    |                       Name                      | FF | LUT| Bits| Const Bits|
    +-------------------------------------------------+----+----+-----+-----------+
    |ap_CS_fsm                                        |   2|   0|    2|          0|
    |ap_enable_reg_pp0_iter1                          |   1|   0|    1|          0|
    |ap_enable_reg_pp0_iter10                         |   1|   0|    1|          0|
    |ap_enable_reg_pp0_iter2                          |   1|   0|    1|          0|
    |ap_enable_reg_pp0_iter3                          |   1|   0|    1|          0|
    |ap_enable_reg_pp0_iter4                          |   1|   0|    1|          0|
    |ap_enable_reg_pp0_iter5                          |   1|   0|    1|          0|
    |ap_enable_reg_pp0_iter6                          |   1|   0|    1|          0|
    |ap_enable_reg_pp0_iter7                          |   1|   0|    1|          0|
    |ap_enable_reg_pp0_iter8                          |   1|   0|    1|          0|
    |ap_enable_reg_pp0_iter9                          |   1|   0|    1|          0|
    |ap_phi_reg_pp0_iter1_gmem2_addr_phi_idx_reg_134  |  64|   0|   64|          0|
    |do_init_reg_89                                   |   1|   0|    1|          0|
    |gmem2_addr_1_read_reg_220                        |  32|   0|   32|          0|
    |gmem2_addr_phi_idx_reg_134                       |  64|   0|   64|          0|
    |gmem2_addr_rewind_idx_reg_120                    |  64|   0|   64|          0|
    |i6_reg_105                                       |   4|   0|    4|          0|
    |i_reg_201                                        |   4|   0|    4|          0|
    |icmp_ln58_reg_206                                |   1|   0|    1|          0|
    |sext_ln58_reg_195                                |  64|   0|   64|          0|
    |i6_reg_105                                       |  64|  32|    4|          0|
    |icmp_ln58_reg_206                                |  64|  32|    1|          0|
    +-------------------------------------------------+----+----+-----+-----------+
    |Total                                            | 438|  64|  315|          0|
    +-------------------------------------------------+----+----+-----+-----------+



================================================================
== Interface
================================================================
* Summary: 
+----------------------+-----+-----+------------+------------------+--------------+
|       RTL Ports      | Dir | Bits|  Protocol  |   Source Object  |    C Type    |
+----------------------+-----+-----+------------+------------------+--------------+
|ap_clk                |   in|    1|  ap_ctrl_hs|  load_bias_tile.1|  return value|
|ap_rst                |   in|    1|  ap_ctrl_hs|  load_bias_tile.1|  return value|
|ap_start              |   in|    1|  ap_ctrl_hs|  load_bias_tile.1|  return value|
|ap_done               |  out|    1|  ap_ctrl_hs|  load_bias_tile.1|  return value|
|ap_idle               |  out|    1|  ap_ctrl_hs|  load_bias_tile.1|  return value|
|ap_ready              |  out|    1|  ap_ctrl_hs|  load_bias_tile.1|  return value|
|m_axi_gmem2_AWVALID   |  out|    1|       m_axi|             gmem2|       pointer|
|m_axi_gmem2_AWREADY   |   in|    1|       m_axi|             gmem2|       pointer|
|m_axi_gmem2_AWADDR    |  out|   64|       m_axi|             gmem2|       pointer|
|m_axi_gmem2_AWID      |  out|    1|       m_axi|             gmem2|       pointer|
|m_axi_gmem2_AWLEN     |  out|   32|       m_axi|             gmem2|       pointer|
|m_axi_gmem2_AWSIZE    |  out|    3|       m_axi|             gmem2|       pointer|
|m_axi_gmem2_AWBURST   |  out|    2|       m_axi|             gmem2|       pointer|
|m_axi_gmem2_AWLOCK    |  out|    2|       m_axi|             gmem2|       pointer|
|m_axi_gmem2_AWCACHE   |  out|    4|       m_axi|             gmem2|       pointer|
|m_axi_gmem2_AWPROT    |  out|    3|       m_axi|             gmem2|       pointer|
|m_axi_gmem2_AWQOS     |  out|    4|       m_axi|             gmem2|       pointer|
|m_axi_gmem2_AWREGION  |  out|    4|       m_axi|             gmem2|       pointer|
|m_axi_gmem2_AWUSER    |  out|    1|       m_axi|             gmem2|       pointer|
|m_axi_gmem2_WVALID    |  out|    1|       m_axi|             gmem2|       pointer|
|m_axi_gmem2_WREADY    |   in|    1|       m_axi|             gmem2|       pointer|
|m_axi_gmem2_WDATA     |  out|   32|       m_axi|             gmem2|       pointer|
|m_axi_gmem2_WSTRB     |  out|    4|       m_axi|             gmem2|       pointer|
|m_axi_gmem2_WLAST     |  out|    1|       m_axi|             gmem2|       pointer|
|m_axi_gmem2_WID       |  out|    1|       m_axi|             gmem2|       pointer|
|m_axi_gmem2_WUSER     |  out|    1|       m_axi|             gmem2|       pointer|
|m_axi_gmem2_ARVALID   |  out|    1|       m_axi|             gmem2|       pointer|
|m_axi_gmem2_ARREADY   |   in|    1|       m_axi|             gmem2|       pointer|
|m_axi_gmem2_ARADDR    |  out|   64|       m_axi|             gmem2|       pointer|
|m_axi_gmem2_ARID      |  out|    1|       m_axi|             gmem2|       pointer|
|m_axi_gmem2_ARLEN     |  out|   32|       m_axi|             gmem2|       pointer|
|m_axi_gmem2_ARSIZE    |  out|    3|       m_axi|             gmem2|       pointer|
|m_axi_gmem2_ARBURST   |  out|    2|       m_axi|             gmem2|       pointer|
|m_axi_gmem2_ARLOCK    |  out|    2|       m_axi|             gmem2|       pointer|
|m_axi_gmem2_ARCACHE   |  out|    4|       m_axi|             gmem2|       pointer|
|m_axi_gmem2_ARPROT    |  out|    3|       m_axi|             gmem2|       pointer|
|m_axi_gmem2_ARQOS     |  out|    4|       m_axi|             gmem2|       pointer|
|m_axi_gmem2_ARREGION  |  out|    4|       m_axi|             gmem2|       pointer|
|m_axi_gmem2_ARUSER    |  out|    1|       m_axi|             gmem2|       pointer|
|m_axi_gmem2_RVALID    |   in|    1|       m_axi|             gmem2|       pointer|
|m_axi_gmem2_RREADY    |  out|    1|       m_axi|             gmem2|       pointer|
|m_axi_gmem2_RDATA     |   in|   32|       m_axi|             gmem2|       pointer|
|m_axi_gmem2_RLAST     |   in|    1|       m_axi|             gmem2|       pointer|
|m_axi_gmem2_RID       |   in|    1|       m_axi|             gmem2|       pointer|
|m_axi_gmem2_RFIFONUM  |   in|    9|       m_axi|             gmem2|       pointer|
|m_axi_gmem2_RUSER     |   in|    1|       m_axi|             gmem2|       pointer|
|m_axi_gmem2_RRESP     |   in|    2|       m_axi|             gmem2|       pointer|
|m_axi_gmem2_BVALID    |   in|    1|       m_axi|             gmem2|       pointer|
|m_axi_gmem2_BREADY    |  out|    1|       m_axi|             gmem2|       pointer|
|m_axi_gmem2_BRESP     |   in|    2|       m_axi|             gmem2|       pointer|
|m_axi_gmem2_BID       |   in|    1|       m_axi|             gmem2|       pointer|
|m_axi_gmem2_BUSER     |   in|    1|       m_axi|             gmem2|       pointer|
|bias_data             |   in|   64|     ap_none|         bias_data|        scalar|
|bias_address0         |  out|    4|   ap_memory|              bias|         array|
|bias_ce0              |  out|    1|   ap_memory|              bias|         array|
|bias_we0              |  out|    1|   ap_memory|              bias|         array|
|bias_d0               |  out|   32|   ap_memory|              bias|         array|
+----------------------+-----+-----+------------+------------------+--------------+

