

================================================================
== Vitis HLS Report for 'exp_generic_double_s'
================================================================
* Date:           Sun Apr 13 00:52:01 2025

* Version:        2023.2 (Build 4023990 on Oct 11 2023)
* Project:        gan_model.prj
* Solution:       solution1 (Vivado IP Flow Target)
* Product family: virtexuplusHBM
* Target device:  xcu280-fsvh2892-2L-e


================================================================
== Performance Estimates
================================================================
+ Timing: 
    * Summary: 
    +--------+---------+----------+------------+
    |  Clock |  Target | Estimated| Uncertainty|
    +--------+---------+----------+------------+
    |ap_clk  |  3.33 ns|  2.366 ns|     0.90 ns|
    +--------+---------+----------+------------+

+ Latency: 
    * Summary: 
    +---------+---------+-----------+-----------+-----+-----+---------+
    |  Latency (cycles) |   Latency (absolute)  |  Interval | Pipeline|
    |   min   |   max   |    min    |    max    | min | max |   Type  |
    +---------+---------+-----------+-----------+-----+-----+---------+
    |       27|       27|  89.910 ns|  89.910 ns|    1|    1|      yes|
    +---------+---------+-----------+-----------+-----+-----+---------+

    + Detail: 
        * Instance: 
        N/A

        * Loop: 
        N/A



================================================================
== Utilization Estimates
================================================================
* Summary: 
+---------------------+---------+------+---------+---------+-----+
|         Name        | BRAM_18K|  DSP |    FF   |   LUT   | URAM|
+---------------------+---------+------+---------+---------+-----+
|DSP                  |        -|     1|        -|        -|    -|
|Expression           |        -|     -|        0|     2369|    -|
|FIFO                 |        -|     -|        -|        -|    -|
|Instance             |        -|    23|     1226|      511|    -|
|Memory               |        5|     -|        0|        0|    -|
|Multiplexer          |        -|     -|        -|        -|    -|
|Register             |        -|     -|     2301|      448|    -|
+---------------------+---------+------+---------+---------+-----+
|Total                |        5|    24|     3527|     3328|    0|
+---------------------+---------+------+---------+---------+-----+
|Available SLR        |     1344|  3008|   869120|   434560|  320|
+---------------------+---------+------+---------+---------+-----+
|Utilization SLR (%)  |       ~0|    ~0|       ~0|       ~0|    0|
+---------------------+---------+------+---------+---------+-----+
|Available            |     4032|  9024|  2607360|  1303680|  960|
+---------------------+---------+------+---------+---------+-----+
|Utilization (%)      |       ~0|    ~0|       ~0|       ~0|    0|
+---------------------+---------+------+---------+---------+-----+

+ Detail: 
    * Instance: 
    +----------------------------+-----------------------+---------+----+-----+-----+-----+
    |          Instance          |         Module        | BRAM_18K| DSP|  FF | LUT | URAM|
    +----------------------------+-----------------------+---------+----+-----+-----+-----+
    |mul_13s_71s_71_5_1_U178     |mul_13s_71s_71_5_1     |        0|   4|  441|  249|    0|
    |mul_43ns_36ns_79_2_1_U179   |mul_43ns_36ns_79_2_1   |        0|   4|  209|   89|    0|
    |mul_49ns_44ns_93_5_1_U180   |mul_49ns_44ns_93_5_1   |        0|   6|  236|   87|    0|
    |mul_50ns_50ns_100_5_1_U181  |mul_50ns_50ns_100_5_1  |        0|   9|  340|   86|    0|
    +----------------------------+-----------------------+---------+----+-----+-----+-----+
    |Total                       |                       |        0|  23| 1226|  511|    0|
    +----------------------------+-----------------------+---------+----+-----+-----+-----+

    * DSP: 
    +-------------------------------------+--------------------------------+--------------+
    |               Instance              |             Module             |  Expression  |
    +-------------------------------------+--------------------------------+--------------+
    |mac_muladd_16s_15ns_19s_31_4_1_U182  |mac_muladd_16s_15ns_19s_31_4_1  |  i0 + i1 * i2|
    +-------------------------------------+--------------------------------+--------------+

    * Memory: 
    +---------------------------------------------------------------+----------------------------------------------------------------------------------+---------+---+----+-----+------+-----+------+-------------+
    |                             Memory                            |                                      Module                                      | BRAM_18K| FF| LUT| URAM| Words| Bits| Banks| W*Bits*Banks|
    +---------------------------------------------------------------+----------------------------------------------------------------------------------+---------+---+----+-----+------+-----+------+-------------+
    |table_exp_Z1_ap_ufixed_58_1_ap_q_mode_5_ap_o_mode_3_0_array_U  |exp_generic_double_s_table_exp_Z1_ap_ufixed_58_1_ap_q_mode_5_ap_o_mode_3_0_arbkb  |        2|  0|   0|    0|   256|   58|     1|        14848|
    |table_f_Z2_ap_ufixed_59_0_ap_q_mode_5_ap_o_mode_3_0_array_U    |exp_generic_double_s_table_f_Z2_ap_ufixed_59_0_ap_q_mode_5_ap_o_mode_3_0_arradEe  |        2|  0|   0|    0|   256|   42|     1|        10752|
    |table_f_Z3_ap_ufixed_59_0_ap_q_mode_5_ap_o_mode_3_0_array_U    |exp_generic_double_s_table_f_Z3_ap_ufixed_59_0_ap_q_mode_5_ap_o_mode_3_0_arracud  |        1|  0|   0|    0|   256|   26|     1|         6656|
    +---------------------------------------------------------------+----------------------------------------------------------------------------------+---------+---+----+-----+------+-----+------+-------------+
    |Total                                                          |                                                                                  |        5|  0|   0|    0|   768|  126|     3|        32256|
    +---------------------------------------------------------------+----------------------------------------------------------------------------------+---------+---+----+-----+------+-----+------+-------------+

    * FIFO: 
    N/A

    * Expression: 
    +-------------------------+----------+----+---+-----+------------+------------+
    |      Variable Name      | Operation| DSP| FF| LUT | Bitwidth P0| Bitwidth P1|
    +-------------------------+----------+----+---+-----+------------+------------+
    |add_ln130_fu_680_p2      |         +|   0|  0|   43|          36|          36|
    |add_ln145_fu_753_p2      |         +|   0|  0|   51|          44|          44|
    |add_ln243_1_fu_518_p2    |         +|   0|  0|   20|          13|           1|
    |add_ln297_1_fu_811_p2    |         +|   0|  0|  114|         107|         107|
    |add_ln297_fu_796_p2      |         +|   0|  0|   65|          58|           5|
    |exp_Z1P_m_1_l_fu_762_p2  |         +|   0|  0|   59|          52|          52|
    |exp_Z2P_m_1_fu_689_p2    |         +|   0|  0|   51|          44|          44|
    |exp_Z4_m_1_fu_637_p2     |         +|   0|  0|   43|          36|          36|
    |m_exp_fu_312_p2          |         +|   0|  0|   19|          12|          11|
    |out_exp_fu_928_p2        |         +|   0|  0|   18|          11|          10|
    |r_exp_1_fu_825_p2        |         +|   0|  0|   20|          13|           2|
    |e_frac_1_fu_330_p2       |         -|   0|  0|   61|           1|          54|
    |m_diff_fu_561_p2         |         -|   0|  0|   66|          59|          59|
    |sub_ln229_fu_364_p2      |         -|   0|  0|   18|          10|          11|
    |and_ln182_1_fu_862_p2    |       and|   0|  0|    2|           1|           1|
    |and_ln182_fu_867_p2      |       and|   0|  0|    2|           1|           1|
    |and_ln18_fu_877_p2       |       and|   0|  0|    2|           1|           1|
    |and_ln309_1_fu_989_p2    |       and|   0|  0|    2|           1|           1|
    |and_ln309_2_fu_1005_p2   |       and|   0|  0|    2|           1|           1|
    |and_ln309_3_fu_1025_p2   |       and|   0|  0|    2|           1|           1|
    |and_ln309_4_fu_1046_p2   |       and|   0|  0|    2|           1|           1|
    |and_ln309_5_fu_1052_p2   |       and|   0|  0|    2|           1|           1|
    |and_ln309_fu_979_p2      |       and|   0|  0|    2|           1|           1|
    |ashr_ln229_fu_390_p2     |      ashr|   0|  0|  210|          71|          71|
    |ashr_ln230_fu_457_p2     |      ashr|   0|  0|  182|          64|          64|
    |icmp_ln18_1_fu_302_p2    |      icmp|   0|  0|   59|          52|           1|
    |icmp_ln18_fu_296_p2      |      icmp|   0|  0|   18|          11|           2|
    |icmp_ln243_fu_512_p2     |      icmp|   0|  0|   25|          18|           1|
    |icmp_ln309_1_fu_847_p2   |      icmp|   0|  0|   10|           3|           1|
    |icmp_ln309_2_fu_477_p2   |      icmp|   0|  0|   80|          71|          71|
    |icmp_ln309_fu_402_p2     |      icmp|   0|  0|   19|          12|           1|
    |icmp_ln326_fu_923_p2     |      icmp|   0|  0|   20|          13|          11|
    |or_ln185_fu_890_p2       |        or|   0|  0|    2|           1|           1|
    |or_ln309_1_fu_994_p2     |        or|   0|  0|    2|           1|           1|
    |or_ln309_2_fu_1030_p2    |        or|   0|  0|    2|           1|           1|
    |or_ln309_3_fu_1040_p2    |        or|   0|  0|    2|           1|           1|
    |or_ln309_fu_904_p2       |        or|   0|  0|    2|           1|           1|
    |ap_return                |    select|   0|  0|   63|           1|           1|
    |m_fix_fu_408_p3          |    select|   0|  0|   68|           1|          71|
    |r_exp_2_fu_830_p3        |    select|   0|  0|   13|           1|          13|
    |r_exp_fu_532_p3          |    select|   0|  0|   13|           1|          13|
    |select_ln185_fu_896_p3   |    select|   0|  0|   63|           1|          64|
    |select_ln18_1_fu_972_p3  |    select|   0|  0|   63|           1|          64|
    |select_ln18_fu_882_p3    |    select|   0|  0|   62|           1|          63|
    |select_ln224_fu_336_p3   |    select|   0|  0|   54|           1|          54|
    |select_ln229_fu_374_p3   |    select|   0|  0|   12|           1|          12|
    |select_ln230_fu_462_p3   |    select|   0|  0|   63|           1|          64|
    |select_ln243_fu_524_p3   |    select|   0|  0|   13|           1|          13|
    |select_ln303_fu_951_p3   |    select|   0|  0|   52|           1|          52|
    |select_ln309_fu_1011_p3  |    select|   0|  0|   63|           1|          64|
    |select_ln310_fu_915_p3   |    select|   0|  0|   62|           1|           1|
    |shl_ln229_fu_396_p2      |       shl|   0|  0|  210|          71|          71|
    |shl_ln230_fu_452_p2      |       shl|   0|  0|  182|          64|          64|
    |ap_enable_pp0            |       xor|   0|  0|    2|           1|           2|
    |xor_ln182_fu_857_p2      |       xor|   0|  0|    2|           1|           2|
    |xor_ln18_1_fu_1000_p2    |       xor|   0|  0|    2|           1|           2|
    |xor_ln18_fu_872_p2       |       xor|   0|  0|    2|           1|           2|
    |xor_ln309_1_fu_1019_p2   |       xor|   0|  0|    2|           1|           2|
    |xor_ln309_2_fu_1034_p2   |       xor|   0|  0|    2|           1|           2|
    |xor_ln309_fu_984_p2      |       xor|   0|  0|    2|           1|           2|
    +-------------------------+----------+----+---+-----+------------+------------+
    |Total                    |          |   0|  0| 2369|         981|        1407|
    +-------------------------+----------+----+---+-----+------------+------------+

    * Multiplexer: 
    N/A

    * Register: 
    +-------------------------------------+-----+----+-----+-----------+
    |                 Name                |  FF | LUT| Bits| Const Bits|
    +-------------------------------------+-----+----+-----+-----------+
    |Z2_reg_1188                          |    8|   0|    8|          0|
    |Z3_reg_1195                          |    8|   0|    8|          0|
    |Z3_reg_1195_pp0_iter11_reg           |    8|   0|    8|          0|
    |Z4_reg_1200                          |   35|   0|   35|          0|
    |add_ln297_1_reg_1318                 |  107|   0|  107|          0|
    |add_ln297_reg_1308                   |   58|   0|   58|          0|
    |ap_CS_fsm                            |    1|   0|    1|          0|
    |ap_enable_reg_pp0_iter1              |    1|   0|    1|          0|
    |ap_enable_reg_pp0_iter10             |    1|   0|    1|          0|
    |ap_enable_reg_pp0_iter11             |    1|   0|    1|          0|
    |ap_enable_reg_pp0_iter12             |    1|   0|    1|          0|
    |ap_enable_reg_pp0_iter13             |    1|   0|    1|          0|
    |ap_enable_reg_pp0_iter14             |    1|   0|    1|          0|
    |ap_enable_reg_pp0_iter15             |    1|   0|    1|          0|
    |ap_enable_reg_pp0_iter16             |    1|   0|    1|          0|
    |ap_enable_reg_pp0_iter17             |    1|   0|    1|          0|
    |ap_enable_reg_pp0_iter18             |    1|   0|    1|          0|
    |ap_enable_reg_pp0_iter19             |    1|   0|    1|          0|
    |ap_enable_reg_pp0_iter2              |    1|   0|    1|          0|
    |ap_enable_reg_pp0_iter20             |    1|   0|    1|          0|
    |ap_enable_reg_pp0_iter21             |    1|   0|    1|          0|
    |ap_enable_reg_pp0_iter22             |    1|   0|    1|          0|
    |ap_enable_reg_pp0_iter23             |    1|   0|    1|          0|
    |ap_enable_reg_pp0_iter24             |    1|   0|    1|          0|
    |ap_enable_reg_pp0_iter25             |    1|   0|    1|          0|
    |ap_enable_reg_pp0_iter26             |    1|   0|    1|          0|
    |ap_enable_reg_pp0_iter27             |    1|   0|    1|          0|
    |ap_enable_reg_pp0_iter3              |    1|   0|    1|          0|
    |ap_enable_reg_pp0_iter4              |    1|   0|    1|          0|
    |ap_enable_reg_pp0_iter5              |    1|   0|    1|          0|
    |ap_enable_reg_pp0_iter6              |    1|   0|    1|          0|
    |ap_enable_reg_pp0_iter7              |    1|   0|    1|          0|
    |ap_enable_reg_pp0_iter8              |    1|   0|    1|          0|
    |ap_enable_reg_pp0_iter9              |    1|   0|    1|          0|
    |ashr_ln229_reg_1117                  |   71|   0|   71|          0|
    |es_sign_reg_1077                     |    1|   0|    1|          0|
    |exp_Z1P_m_1_reg_1288                 |   50|   0|   50|          0|
    |exp_Z1_hi_reg_1293                   |   50|   0|   50|          0|
    |exp_Z1_reg_1283                      |   58|   0|   58|          0|
    |exp_Z2P_m_1_reg_1251                 |   44|   0|   44|          0|
    |exp_Z3_m_1_reg_1226                  |   34|   0|   43|          9|
    |exp_Z3_m_1_reg_1226_pp0_iter13_reg   |   34|   0|   43|          9|
    |exp_Z4_m_1_reg_1215                  |   36|   0|   36|          0|
    |f_Z3_reg_1221                        |   26|   0|   26|          0|
    |icmp_ln18_1_reg_1090                 |    1|   0|    1|          0|
    |icmp_ln18_reg_1082                   |    1|   0|    1|          0|
    |icmp_ln309_1_reg_1334                |    1|   0|    1|          0|
    |icmp_ln309_2_reg_1156                |    1|   0|    1|          0|
    |icmp_ln309_reg_1127                  |    1|   0|    1|          0|
    |m_diff_hi_reg_1183                   |    8|   0|    8|          0|
    |m_fix_l_reg_1135                     |   64|   0|   64|          0|
    |mul_ln297_reg_1313                   |  100|   0|  100|          0|
    |r_exp_2_reg_1329                     |   13|   0|   13|          0|
    |r_exp_reg_1166                       |   13|   0|   13|          0|
    |select_ln224_reg_1096                |   54|   0|   54|          0|
    |sext_ln227_reg_1101                  |   64|   0|   71|          7|
    |sext_ln227_reg_1101_pp0_iter1_reg    |   64|   0|   71|          7|
    |sext_ln229_1_reg_1112                |   32|   0|   32|          0|
    |sext_ln229_1_reg_1112_pp0_iter1_reg  |   32|   0|   32|          0|
    |shl_ln229_reg_1122                   |   71|   0|   71|          0|
    |tmp_100_reg_1278                     |   36|   0|   36|          0|
    |tmp_101_reg_1324                     |    1|   0|    1|          0|
    |tmp_95_reg_1178                      |   58|   0|   58|          0|
    |tmp_96_reg_1241                      |   20|   0|   20|          0|
    |tmp_97_reg_1141                      |    1|   0|    1|          0|
    |tmp_97_reg_1141_pp0_iter2_reg        |    1|   0|    1|          0|
    |tmp_99_reg_1257                      |   40|   0|   40|          0|
    |tmp_reg_1106                         |    1|   0|    1|          0|
    |tmp_reg_1106_pp0_iter1_reg           |    1|   0|    1|          0|
    |trunc_ln255_reg_1151                 |   59|   0|   59|          0|
    |trunc_ln336_reg_1341                 |   11|   0|   11|          0|
    |Z2_reg_1188                          |   64|  32|    8|          0|
    |es_sign_reg_1077                     |   64|  32|    1|          0|
    |exp_Z1_reg_1283                      |   64|  32|   58|          0|
    |exp_Z2P_m_1_reg_1251                 |   64|  32|   44|          0|
    |exp_Z4_m_1_reg_1215                  |   64|  32|   36|          0|
    |icmp_ln18_1_reg_1090                 |   64|  32|    1|          0|
    |icmp_ln18_reg_1082                   |   64|  32|    1|          0|
    |icmp_ln309_2_reg_1156                |   64|  32|    1|          0|
    |icmp_ln309_reg_1127                  |   64|  32|    1|          0|
    |m_diff_hi_reg_1183                   |   64|  32|    8|          0|
    |r_exp_reg_1166                       |   64|  32|   13|          0|
    |select_ln224_reg_1096                |   64|  32|   54|          0|
    |tmp_99_reg_1257                      |   64|  32|   40|          0|
    |trunc_ln255_reg_1151                 |   64|  32|   59|          0|
    +-------------------------------------+-----+----+-----+-----------+
    |Total                                | 2301| 448| 1762|         32|
    +-------------------------------------+-----+----+-----+-----------+



================================================================
== Interface
================================================================
* Summary: 
+-----------+-----+-----+------------+---------------------+--------------+
| RTL Ports | Dir | Bits|  Protocol  |    Source Object    |    C Type    |
+-----------+-----+-----+------------+---------------------+--------------+
|ap_clk     |   in|    1|  ap_ctrl_hs|  exp_generic<double>|  return value|
|ap_rst     |   in|    1|  ap_ctrl_hs|  exp_generic<double>|  return value|
|ap_start   |   in|    1|  ap_ctrl_hs|  exp_generic<double>|  return value|
|ap_done    |  out|    1|  ap_ctrl_hs|  exp_generic<double>|  return value|
|ap_idle    |  out|    1|  ap_ctrl_hs|  exp_generic<double>|  return value|
|ap_ready   |  out|    1|  ap_ctrl_hs|  exp_generic<double>|  return value|
|ap_return  |  out|   64|  ap_ctrl_hs|  exp_generic<double>|  return value|
|x          |   in|   64|     ap_none|                    x|        scalar|
+-----------+-----+-----+------------+---------------------+--------------+

