

================================================================
== Vitis HLS Report for 'generic_tanh_float_s'
================================================================
* Date:           Sun Apr 13 00:52:01 2025

* Version:        2023.2 (Build 4023990 on Oct 11 2023)
* Project:        gan_model.prj
* Solution:       solution1 (Vivado IP Flow Target)
* Product family: virtexuplusHBM
* Target device:  xcu280-fsvh2892-2L-e


================================================================
== Performance Estimates
================================================================
+ Timing: 
    * Summary: 
    +--------+---------+----------+------------+
    |  Clock |  Target | Estimated| Uncertainty|
    +--------+---------+----------+------------+
    |ap_clk  |  3.33 ns|  2.633 ns|     0.90 ns|
    +--------+---------+----------+------------+

+ Latency: 
    * Summary: 
    +---------+---------+----------+----------+-----+-----+---------+
    |  Latency (cycles) |  Latency (absolute) |  Interval | Pipeline|
    |   min   |   max   |    min   |    max   | min | max |   Type  |
    +---------+---------+----------+----------+-----+-----+---------+
    |        2|       75|  6.660 ns|  0.250 us|    2|   75|       no|
    +---------+---------+----------+----------+-----+-----+---------+

    + Detail: 
        * Instance: 
        +--------------------------------+----------------------+---------+---------+-----------+-----------+-----+-----+---------+
        |                                |                      |  Latency (cycles) |   Latency (absolute)  |  Interval | Pipeline|
        |            Instance            |        Module        |   min   |   max   |    min    |    max    | min | max |   Type  |
        +--------------------------------+----------------------+---------+---------+-----------+-----------+-----+-----+---------+
        |grp_exp_generic_double_s_fu_89  |exp_generic_double_s  |       27|       27|  89.910 ns|  89.910 ns|    1|    1|      yes|
        +--------------------------------+----------------------+---------+---------+-----------+-----------+-----+-----+---------+

        * Loop: 
        N/A



================================================================
== Utilization Estimates
================================================================
* Summary: 
+---------------------+---------+------+---------+---------+-----+
|         Name        | BRAM_18K|  DSP |    FF   |   LUT   | URAM|
+---------------------+---------+------+---------+---------+-----+
|DSP                  |        -|     -|        -|        -|    -|
|Expression           |        -|     -|        0|      346|    -|
|FIFO                 |        -|     -|        -|        -|    -|
|Instance             |        5|    27|     4212|     3963|    -|
|Memory               |        -|     -|        -|        -|    -|
|Multiplexer          |        -|     -|        -|     1068|    -|
|Register             |        -|     -|      668|        -|    -|
+---------------------+---------+------+---------+---------+-----+
|Total                |        5|    27|     4880|     5377|    0|
+---------------------+---------+------+---------+---------+-----+
|Available SLR        |     1344|  3008|   869120|   434560|  320|
+---------------------+---------+------+---------+---------+-----+
|Utilization SLR (%)  |       ~0|    ~0|       ~0|        1|    0|
+---------------------+---------+------+---------+---------+-----+
|Available            |     4032|  9024|  2607360|  1303680|  960|
+---------------------+---------+------+---------+---------+-----+
|Utilization (%)      |       ~0|    ~0|       ~0|       ~0|    0|
+---------------------+---------+------+---------+---------+-----+

+ Detail: 
    * Instance: 
    +-------------------------------------+--------------------------------+---------+----+------+------+-----+
    |               Instance              |             Module             | BRAM_18K| DSP|  FF  |  LUT | URAM|
    +-------------------------------------+--------------------------------+---------+----+------+------+-----+
    |dadd_64ns_64ns_64_8_full_dsp_1_U198  |dadd_64ns_64ns_64_8_full_dsp_1  |        0|   3|   685|   635|    0|
    |grp_exp_generic_double_s_fu_89       |exp_generic_double_s            |        5|  24|  3527|  3328|    0|
    |fpext_32ns_64_2_no_dsp_1_U196        |fpext_32ns_64_2_no_dsp_1        |        0|   0|     0|     0|    0|
    |fptrunc_64ns_32_2_no_dsp_1_U195      |fptrunc_64ns_32_2_no_dsp_1      |        0|   0|     0|     0|    0|
    +-------------------------------------+--------------------------------+---------+----+------+------+-----+
    |Total                                |                                |        5|  27|  4212|  3963|    0|
    +-------------------------------------+--------------------------------+---------+----+------+------+-----+

    * DSP: 
    N/A

    * Memory: 
    N/A

    * FIFO: 
    N/A

    * Expression: 
    +-----------------------+----------+----+---+----+------------+------------+
    |     Variable Name     | Operation| DSP| FF| LUT| Bitwidth P0| Bitwidth P1|
    +-----------------------+----------+----+---+----+------------+------------+
    |and_ln46_fu_214_p2     |       and|   0|  0|   2|           1|           1|
    |icmp_ln10_fu_269_p2    |      icmp|   0|  0|  15|           8|           7|
    |icmp_ln36_fu_190_p2    |      icmp|   0|  0|  15|           8|           2|
    |icmp_ln38_fu_220_p2    |      icmp|   0|  0|  30|          23|           1|
    |icmp_ln45_fu_196_p2    |      icmp|   0|  0|  15|           8|           7|
    |icmp_ln46_1_fu_208_p2  |      icmp|   0|  0|  30|          23|           1|
    |icmp_ln46_fu_202_p2    |      icmp|   0|  0|  15|           8|           7|
    |icmp_ln54_fu_226_p2    |      icmp|   0|  0|  15|           8|           7|
    |icmp_ln9_fu_263_p2     |      icmp|   0|  0|  15|           8|           1|
    |or_ln55_fu_231_p2      |        or|   0|  0|  33|          32|          33|
    |select_ln38_fu_310_p3  |    select|   0|  0|  31|           1|          31|
    |select_ln79_fu_299_p3  |    select|   0|  0|  32|           1|          32|
    |x_3_fu_241_p3          |    select|   0|  0|  32|           1|          32|
    |xor_ln66_fu_279_p2     |       xor|   0|  0|  33|          32|          33|
    |xor_ln83_fu_289_p2     |       xor|   0|  0|  33|          32|          33|
    +-----------------------+----------+----+---+----+------------+------------+
    |Total                  |          |   0|  0| 346|         194|         228|
    +-----------------------+----------+----+---+----+------------+------------+

    * Multiplexer: 
    +------------------------------------+-----+-----------+-----+-----------+
    |                Name                | LUT | Input Size| Bits| Total Bits|
    +------------------------------------+-----+-----------+-----+-----------+
    |ap_NS_fsm                           |  925|        175|    1|        175|
    |ap_phi_mux_resultf_3_phi_fu_76_p10  |    9|          2|   32|         64|
    |ap_return                           |    9|          2|   32|         64|
    |expx_reg_58                         |   14|          3|   32|         96|
    |grp_fu_100_opcode                   |   14|          3|    2|          6|
    |grp_fu_100_p0                       |   31|          6|   32|        192|
    |grp_fu_100_p1                       |   26|          5|   32|        160|
    |grp_fu_112_p0                       |   14|          3|   32|         96|
    |resultf_3_reg_72                    |   26|          5|   32|        160|
    +------------------------------------+-----+-----------+-----+-----------+
    |Total                               | 1068|        204|  227|       1013|
    +------------------------------------+-----+-----------+-----+-----------+

    * Register: 
    +---------------------------------------------+-----+----+-----+-----------+
    |                     Name                    |  FF | LUT| Bits| Const Bits|
    +---------------------------------------------+-----+----+-----+-----------+
    |abst_in_reg_332                              |   31|   0|   32|          1|
    |and_ln46_reg_348                             |    1|   0|    1|          0|
    |ap_CS_fsm                                    |  174|   0|  174|          0|
    |ap_return_preg                               |   32|   0|   32|          0|
    |din_exp_reg_322                              |    8|   0|    8|          0|
    |din_sign_reg_317                             |    1|   0|    1|          0|
    |expx_reg_58                                  |   32|   0|   32|          0|
    |grp_exp_generic_double_s_fu_89_ap_start_reg  |    1|   0|    1|          0|
    |icmp_ln36_reg_340                            |    1|   0|    1|          0|
    |icmp_ln38_reg_352                            |    1|   0|    1|          0|
    |icmp_ln45_reg_344                            |    1|   0|    1|          0|
    |icmp_ln54_reg_361                            |    1|   0|    1|          0|
    |reg_133                                      |   32|   0|   32|          0|
    |reg_140                                      |   32|   0|   32|          0|
    |resultf_3_reg_72                             |   32|   0|   32|          0|
    |resultf_reg_413                              |   32|   0|   32|          0|
    |sub_i_reg_393                                |   64|   0|   64|          0|
    |t_reg_327                                    |   31|   0|   32|          1|
    |tmp_4_reg_388                                |   64|   0|   64|          0|
    |tmp_5_reg_357                                |    1|   0|    1|          0|
    |xd_reg_383                                   |   64|   0|   64|          0|
    |xor_ln66_reg_403                             |   32|   0|   32|          0|
    +---------------------------------------------+-----+----+-----+-----------+
    |Total                                        |  668|   0|  670|          2|
    +---------------------------------------------+-----+----+-----+-----------+



================================================================
== Interface
================================================================
* Summary: 
+----------------------+-----+-----+------------+---------------------+--------------+
|       RTL Ports      | Dir | Bits|  Protocol  |    Source Object    |    C Type    |
+----------------------+-----+-----+------------+---------------------+--------------+
|ap_clk                |   in|    1|  ap_ctrl_hs|  generic_tanh<float>|  return value|
|ap_rst                |   in|    1|  ap_ctrl_hs|  generic_tanh<float>|  return value|
|ap_start              |   in|    1|  ap_ctrl_hs|  generic_tanh<float>|  return value|
|ap_done               |  out|    1|  ap_ctrl_hs|  generic_tanh<float>|  return value|
|ap_idle               |  out|    1|  ap_ctrl_hs|  generic_tanh<float>|  return value|
|ap_ready              |  out|    1|  ap_ctrl_hs|  generic_tanh<float>|  return value|
|ap_return             |  out|   32|  ap_ctrl_hs|  generic_tanh<float>|  return value|
|grp_fu_866_p_din0     |  out|   32|  ap_ctrl_hs|  generic_tanh<float>|  return value|
|grp_fu_866_p_din1     |  out|   32|  ap_ctrl_hs|  generic_tanh<float>|  return value|
|grp_fu_866_p_opcode   |  out|    2|  ap_ctrl_hs|  generic_tanh<float>|  return value|
|grp_fu_866_p_dout0    |   in|   32|  ap_ctrl_hs|  generic_tanh<float>|  return value|
|grp_fu_866_p_ce       |  out|    1|  ap_ctrl_hs|  generic_tanh<float>|  return value|
|grp_fu_871_p_din0     |  out|   32|  ap_ctrl_hs|  generic_tanh<float>|  return value|
|grp_fu_871_p_din1     |  out|   32|  ap_ctrl_hs|  generic_tanh<float>|  return value|
|grp_fu_871_p_dout0    |   in|   32|  ap_ctrl_hs|  generic_tanh<float>|  return value|
|grp_fu_871_p_ce       |  out|    1|  ap_ctrl_hs|  generic_tanh<float>|  return value|
|grp_fu_2591_p_din0    |  out|   32|  ap_ctrl_hs|  generic_tanh<float>|  return value|
|grp_fu_2591_p_din1    |  out|   32|  ap_ctrl_hs|  generic_tanh<float>|  return value|
|grp_fu_2591_p_dout0   |   in|   32|  ap_ctrl_hs|  generic_tanh<float>|  return value|
|grp_fu_2591_p_ce      |  out|    1|  ap_ctrl_hs|  generic_tanh<float>|  return value|
|grp_fu_2595_p_din0    |  out|   32|  ap_ctrl_hs|  generic_tanh<float>|  return value|
|grp_fu_2595_p_din1    |  out|   32|  ap_ctrl_hs|  generic_tanh<float>|  return value|
|grp_fu_2595_p_opcode  |  out|    5|  ap_ctrl_hs|  generic_tanh<float>|  return value|
|grp_fu_2595_p_dout0   |   in|    1|  ap_ctrl_hs|  generic_tanh<float>|  return value|
|grp_fu_2595_p_ce      |  out|    1|  ap_ctrl_hs|  generic_tanh<float>|  return value|
|t_in                  |   in|   32|     ap_none|                 t_in|        scalar|
+----------------------+-----+-----+------------+---------------------+--------------+

